<?xml version="1.0" encoding="UTF-8"?>
<!-- Generated by org.testng.reporters.JUnitReportReporter -->
<testsuite hostname="DESKTOP-5LU37PQ" failures="0" tests="1" name="demo.HTTP_Requests" time="4.139" errors="0" timestamp="2024-12-18T12:54:57 GMT-08:00" skipped="0">
  <testcase classname="demo.HTTP_Requests" name="getUser" time="4.139"/>
</testsuite> <!-- demo.HTTP_Requests -->
